<?xml version="1.0" encoding="UTF-8"?>
<!-- Generated by org.testng.reporters.JUnitReportReporter -->
<testsuite hostname="lokesh-Latitude-5400" name="runner.TestRunner" tests="2" failures="0" timestamp="13 Apr 2021 10:41:29 GMT" time="21.720" errors="2">
  <testcase name="scenario" time="19.718" classname="runner.TestRunner">
    <error type="java.lang.AssertionError" message="Oauth 2.0 not stoping browser automation expected [Couldn&#039;t sign you in] but found [sign in]">
      <![CDATA[java.lang.AssertionError: Oauth 2.0 not stoping browser automation expected [Couldn't sign you in] but found [sign in]
	at org.testng.Assert.fail(Assert.java:94)
	at org.testng.Assert.failNotEquals(Assert.java:494)
	at org.testng.Assert.assertEquals(Assert.java:123)
	at org.testng.Assert.assertEquals(Assert.java:176)
	at pages.LoginPage.verifyHiUserPageLoaded(LoginPage.java:57)
	at step.LoginSteps.userLoggedInUsingUsernameAndPassword(LoginSteps.java:53)
	at ✽.User logged in using username and password(file:src/test/java/featurefile/ComposeMail.feature:6)
]]>
    </error>
  </testcase> <!-- scenario -->
  <testcase name="scenario" time="2.002" classname="runner.TestRunner">
    <error type="java.lang.AssertionError" message="expected [true] but found [false]">
      <![CDATA[java.lang.AssertionError: expected [true] but found [false]
	at org.testng.Assert.fail(Assert.java:94)
	at org.testng.Assert.failNotEquals(Assert.java:494)
	at org.testng.Assert.assertTrue(Assert.java:42)
	at org.testng.Assert.assertTrue(Assert.java:52)
	at step.ReadMailSteps.userCheckReceivedEmailFromSenderUsingSubject(ReadMailSteps.java:25)
	at ✽.User check received email from sender using subject(file:src/test/java/featurefile/ComposeMail.feature:13)
]]>
    </error>
  </testcase> <!-- scenario -->
</testsuite> <!-- runner.TestRunner -->
